<?xml version="1.0" encoding="UTF-8"?>
<testng-results skipped="0" failed="2" ignored="0" total="2" passed="0">
  <reporter-output>
  </reporter-output>
  <suite name="Cucumber Suite1" duration-ms="96441" started-at="2023-05-30T14:08:28 IST" finished-at="2023-05-30T14:10:05 IST">
    <groups>
      <group name="cucumber">
        <method signature="AbstractTestNGCucumberTests.feature(cucumber.api.testng.CucumberFeatureWrapper)[pri:0, instance:runner.MyTestRunner@157632c9]" name="feature" class="cucumber.api.testng.AbstractTestNGCucumberTests"/>
      </group> <!-- cucumber -->
    </groups>
    <test name="Cucumeber Test" duration-ms="96441" started-at="2023-05-30T14:08:28 IST" finished-at="2023-05-30T14:10:05 IST">
      <class name="runner.MyTestRunner">
        <test-method status="PASS" signature="directoryCleanUp()[pri:0, instance:runner.MyTestRunner@157632c9]" name="directoryCleanUp" is-config="true" duration-ms="24" started-at="2023-05-30T14:08:28 IST" finished-at="2023-05-30T14:08:28 IST">
          <reporter-output>
          </reporter-output>
        </test-method> <!-- directoryCleanUp -->
        <test-method status="PASS" signature="setUpClass()[pri:0, instance:runner.MyTestRunner@157632c9]" name="setUpClass" is-config="true" duration-ms="224" started-at="2023-05-30T14:08:28 IST" finished-at="2023-05-30T14:08:29 IST">
          <reporter-output>
          </reporter-output>
        </test-method> <!-- setUpClass -->
        <test-method status="PASS" signature="onStart()[pri:0, instance:runner.MyTestRunner@157632c9]" name="onStart" is-config="true" duration-ms="740" started-at="2023-05-30T14:08:29 IST" finished-at="2023-05-30T14:08:29 IST">
          <reporter-output>
          </reporter-output>
        </test-method> <!-- onStart -->
        <test-method status="FAIL" signature="feature(cucumber.api.testng.CucumberFeatureWrapper)[pri:0, instance:runner.MyTestRunner@157632c9]" name="feature" duration-ms="57565" started-at="2023-05-30T14:08:29 IST" description="Runs Cucumber Feature" data-provider="features" finished-at="2023-05-30T14:09:27 IST">
          <params>
            <param index="0">
              <value>
                <![CDATA[Content Creation - Iqtisad Bulletin]]>
              </value>
            </param>
          </params>
          <exception class="cucumber.runtime.CucumberException">
            <message>
              <![CDATA[cucumber.runtime.AmbiguousStepDefinitionsException: ✽.And Click on "Create"(ContentCreationIqtisadBulletin.feature:15) matches more than one step definition:
  Click  in UserManagement.click(String)
  Click on "([^"]*)" in ContentCreation.clickOn(String)
]]>
            </message>
            <full-stacktrace>
              <![CDATA[cucumber.runtime.CucumberException: cucumber.runtime.AmbiguousStepDefinitionsException: ✽.And Click on "Create"(ContentCreationIqtisadBulletin.feature:15) matches more than one step definition:
  Click  in UserManagement.click(String)
  Click on "([^"]*)" in ContentCreation.clickOn(String)

at cucumber.api.testng.TestNGCucumberRunner.runCucumber(TestNGCucumberRunner.java:69)
at cucumber.api.testng.AbstractTestNGCucumberTests.feature(AbstractTestNGCucumberTests.java:21)
at sun.reflect.NativeMethodAccessorImpl.invoke0(Native Method)
at sun.reflect.NativeMethodAccessorImpl.invoke(NativeMethodAccessorImpl.java:62)
at sun.reflect.DelegatingMethodAccessorImpl.invoke(DelegatingMethodAccessorImpl.java:43)
at java.lang.reflect.Method.invoke(Method.java:498)
at org.testng.internal.MethodInvocationHelper.invokeMethod(MethodInvocationHelper.java:134)
at org.testng.internal.TestInvoker.invokeMethod(TestInvoker.java:597)
at org.testng.internal.TestInvoker.invokeTestMethod(TestInvoker.java:173)
at org.testng.internal.MethodRunner.runInSequence(MethodRunner.java:46)
at org.testng.internal.TestInvoker$MethodInvocationAgent.invoke(TestInvoker.java:816)
at org.testng.internal.TestInvoker.invokeTestMethods(TestInvoker.java:146)
at org.testng.internal.TestMethodWorker.invokeTestMethods(TestMethodWorker.java:146)
at org.testng.internal.TestMethodWorker.run(TestMethodWorker.java:128)
at java.util.ArrayList.forEach(ArrayList.java:1257)
at org.testng.TestRunner.privateRun(TestRunner.java:766)
at org.testng.TestRunner.run(TestRunner.java:587)
at org.testng.SuiteRunner.runTest(SuiteRunner.java:384)
at org.testng.SuiteRunner.runSequentially(SuiteRunner.java:378)
at org.testng.SuiteRunner.privateRun(SuiteRunner.java:337)
at org.testng.SuiteRunner.run(SuiteRunner.java:286)
at org.testng.SuiteRunnerWorker.runSuite(SuiteRunnerWorker.java:53)
at org.testng.SuiteRunnerWorker.run(SuiteRunnerWorker.java:96)
at org.testng.TestNG.runSuitesSequentially(TestNG.java:1187)
at org.testng.TestNG.runSuitesLocally(TestNG.java:1109)
at org.testng.TestNG.runSuites(TestNG.java:1039)
at org.testng.TestNG.run(TestNG.java:1007)
at org.apache.maven.surefire.testng.TestNGExecutor.run(TestNGExecutor.java:281)
at org.apache.maven.surefire.testng.TestNGXmlTestSuite.execute(TestNGXmlTestSuite.java:75)
at org.apache.maven.surefire.testng.TestNGProvider.invoke(TestNGProvider.java:121)
at org.apache.maven.surefire.booter.ForkedBooter.invokeProviderInSameClassLoader(ForkedBooter.java:290)
at org.apache.maven.surefire.booter.ForkedBooter.runSuitesInProcess(ForkedBooter.java:242)
at org.apache.maven.surefire.booter.ForkedBooter.main(ForkedBooter.java:121)
Caused by: cucumber.runtime.AmbiguousStepDefinitionsException: ✽.And Click on "Create"(ContentCreationIqtisadBulletin.feature:15) matches more than one step definition:
  Click  in UserManagement.click(String)
  Click on "([^"]*)" in ContentCreation.clickOn(String)

at cucumber.runtime.RuntimeGlue.stepDefinitionMatch(RuntimeGlue.java:71)
at cucumber.runtime.Runtime.runStep(Runtime.java:267)
at cucumber.runtime.model.StepContainer.runStep(StepContainer.java:44)
at cucumber.runtime.model.StepContainer.runSteps(StepContainer.java:39)
at cucumber.runtime.model.CucumberScenario.run(CucumberScenario.java:44)
at cucumber.runtime.model.CucumberFeature.run(CucumberFeature.java:165)
at cucumber.api.testng.TestNGCucumberRunner.runCucumber(TestNGCucumberRunner.java:63)
... 32 more
]]>
            </full-stacktrace>
          </exception> <!-- cucumber.runtime.CucumberException -->
          <reporter-output>
          </reporter-output>
        </test-method> <!-- feature -->
        <test-method status="FAIL" signature="feature(cucumber.api.testng.CucumberFeatureWrapper)[pri:0, instance:runner.MyTestRunner@157632c9]" name="feature" duration-ms="36416" started-at="2023-05-30T14:09:27 IST" description="Runs Cucumber Feature" data-provider="features" finished-at="2023-05-30T14:10:03 IST">
          <params>
            <param index="0">
              <value>
                <![CDATA[StaticPage]]>
              </value>
            </param>
          </params>
          <exception class="cucumber.runtime.CucumberException">
            <message>
              <![CDATA[cucumber.runtime.AmbiguousStepDefinitionsException: ✽.And Click on "Approve"(StaticPageCreation.feature:13) matches more than one step definition:
  Click  in UserManagement.click(String)
  Click on "([^"]*)" in ContentCreation.clickOn(String)
]]>
            </message>
            <full-stacktrace>
              <![CDATA[cucumber.runtime.CucumberException: cucumber.runtime.AmbiguousStepDefinitionsException: ✽.And Click on "Approve"(StaticPageCreation.feature:13) matches more than one step definition:
  Click  in UserManagement.click(String)
  Click on "([^"]*)" in ContentCreation.clickOn(String)

at cucumber.api.testng.TestNGCucumberRunner.runCucumber(TestNGCucumberRunner.java:69)
at cucumber.api.testng.AbstractTestNGCucumberTests.feature(AbstractTestNGCucumberTests.java:21)
at sun.reflect.NativeMethodAccessorImpl.invoke0(Native Method)
at sun.reflect.NativeMethodAccessorImpl.invoke(NativeMethodAccessorImpl.java:62)
at sun.reflect.DelegatingMethodAccessorImpl.invoke(DelegatingMethodAccessorImpl.java:43)
at java.lang.reflect.Method.invoke(Method.java:498)
at org.testng.internal.MethodInvocationHelper.invokeMethod(MethodInvocationHelper.java:134)
at org.testng.internal.TestInvoker.invokeMethod(TestInvoker.java:597)
at org.testng.internal.TestInvoker.invokeTestMethod(TestInvoker.java:173)
at org.testng.internal.MethodRunner.runInSequence(MethodRunner.java:46)
at org.testng.internal.TestInvoker$MethodInvocationAgent.invoke(TestInvoker.java:816)
at org.testng.internal.TestInvoker.invokeTestMethods(TestInvoker.java:146)
at org.testng.internal.TestMethodWorker.invokeTestMethods(TestMethodWorker.java:146)
at org.testng.internal.TestMethodWorker.run(TestMethodWorker.java:128)
at java.util.ArrayList.forEach(ArrayList.java:1257)
at org.testng.TestRunner.privateRun(TestRunner.java:766)
at org.testng.TestRunner.run(TestRunner.java:587)
at org.testng.SuiteRunner.runTest(SuiteRunner.java:384)
at org.testng.SuiteRunner.runSequentially(SuiteRunner.java:378)
at org.testng.SuiteRunner.privateRun(SuiteRunner.java:337)
at org.testng.SuiteRunner.run(SuiteRunner.java:286)
at org.testng.SuiteRunnerWorker.runSuite(SuiteRunnerWorker.java:53)
at org.testng.SuiteRunnerWorker.run(SuiteRunnerWorker.java:96)
at org.testng.TestNG.runSuitesSequentially(TestNG.java:1187)
at org.testng.TestNG.runSuitesLocally(TestNG.java:1109)
at org.testng.TestNG.runSuites(TestNG.java:1039)
at org.testng.TestNG.run(TestNG.java:1007)
at org.apache.maven.surefire.testng.TestNGExecutor.run(TestNGExecutor.java:281)
at org.apache.maven.surefire.testng.TestNGXmlTestSuite.execute(TestNGXmlTestSuite.java:75)
at org.apache.maven.surefire.testng.TestNGProvider.invoke(TestNGProvider.java:121)
at org.apache.maven.surefire.booter.ForkedBooter.invokeProviderInSameClassLoader(ForkedBooter.java:290)
at org.apache.maven.surefire.booter.ForkedBooter.runSuitesInProcess(ForkedBooter.java:242)
at org.apache.maven.surefire.booter.ForkedBooter.main(ForkedBooter.java:121)
Caused by: cucumber.runtime.AmbiguousStepDefinitionsException: ✽.And Click on "Approve"(StaticPageCreation.feature:13) matches more than one step definition:
  Click  in UserManagement.click(String)
  Click on "([^"]*)" in ContentCreation.clickOn(String)

at cucumber.runtime.RuntimeGlue.stepDefinitionMatch(RuntimeGlue.java:71)
at cucumber.runtime.Runtime.runStep(Runtime.java:267)
at cucumber.runtime.model.StepContainer.runStep(StepContainer.java:44)
at cucumber.runtime.model.StepContainer.runSteps(StepContainer.java:39)
at cucumber.runtime.model.CucumberScenario.run(CucumberScenario.java:44)
at cucumber.runtime.model.CucumberFeature.run(CucumberFeature.java:165)
at cucumber.api.testng.TestNGCucumberRunner.runCucumber(TestNGCucumberRunner.java:63)
... 32 more
]]>
            </full-stacktrace>
          </exception> <!-- cucumber.runtime.CucumberException -->
          <reporter-output>
          </reporter-output>
        </test-method> <!-- feature -->
        <test-method status="PASS" signature="onFinish()[pri:0, instance:runner.MyTestRunner@157632c9]" name="onFinish" is-config="true" duration-ms="1334" started-at="2023-05-30T14:10:03 IST" finished-at="2023-05-30T14:10:05 IST">
          <reporter-output>
          </reporter-output>
        </test-method> <!-- onFinish -->
        <test-method status="PASS" signature="tearDownClass()[pri:0, instance:runner.MyTestRunner@157632c9]" name="tearDownClass" is-config="true" duration-ms="31" started-at="2023-05-30T14:10:05 IST" finished-at="2023-05-30T14:10:05 IST">
          <reporter-output>
          </reporter-output>
        </test-method> <!-- tearDownClass -->
      </class> <!-- runner.MyTestRunner -->
    </test> <!-- Cucumeber Test -->
  </suite> <!-- Cucumber Suite1 -->
</testng-results>
